<?xml version="1.0" encoding="UTF-8"?>
<testsuite xmlns:xsi="http://www.w3.org/2001/XMLSchema-instance" xsi:noNamespaceSchemaLocation="https://maven.apache.org/surefire/maven-surefire-plugin/xsd/surefire-test-report-3.0.xsd" version="3.0" name="com.indus.training.persist.dao.TestStudentDaoImpl" time="1.604" tests="4" errors="0" skipped="0" failures="0">
  <properties>
[...]
</properties>
  <testcase name="testupdateStudentFirstName" classname="com.indus.training.persist.dao.TestStudentDaoImpl" time="1.541">
    <system-err><![CDATA[Sep 04, 2024 9:08:26 PM org.hibernate.annotations.common.Version <clinit>
INFO: HCANN000001: Hibernate Commons Annotations {4.0.2.Final}
Sep 04, 2024 9:08:26 PM org.hibernate.Version logVersion
INFO: HHH000412: Hibernate Core {4.2.21.Final}
Sep 04, 2024 9:08:26 PM org.hibernate.cfg.Environment <clinit>
INFO: HHH000206: hibernate.properties not found
Sep 04, 2024 9:08:26 PM org.hibernate.cfg.Environment buildBytecodeProvider
INFO: HHH000021: Bytecode provider name : javassist
Sep 04, 2024 9:08:26 PM org.hibernate.cfg.Configuration configure
INFO: HHH000043: Configuring from resource: /hibernate.cfg.xml
Sep 04, 2024 9:08:26 PM org.hibernate.cfg.Configuration getConfigurationInputStream
INFO: HHH000040: Configuration resource: /hibernate.cfg.xml
Sep 04, 2024 9:08:26 PM org.hibernate.cfg.Configuration addResource
INFO: HHH000221: Reading mappings from resource: hibernate.hbm.xml
Sep 04, 2024 9:08:26 PM org.hibernate.cfg.Configuration doConfigure
INFO: HHH000041: Configured SessionFactory: null
Sep 04, 2024 9:08:26 PM org.hibernate.service.jdbc.connections.internal.DriverManagerConnectionProviderImpl configure
WARN: HHH000402: Using Hibernate built-in connection pool (not for production use!)
Sep 04, 2024 9:08:26 PM org.hibernate.service.jdbc.connections.internal.DriverManagerConnectionProviderImpl configure
INFO: HHH000115: Hibernate connection pool size: 20
Sep 04, 2024 9:08:26 PM org.hibernate.service.jdbc.connections.internal.DriverManagerConnectionProviderImpl configure
INFO: HHH000006: Autocommit mode: false
Sep 04, 2024 9:08:26 PM org.hibernate.service.jdbc.connections.internal.DriverManagerConnectionProviderImpl configure
INFO: HHH000401: using driver [com.mysql.cj.jdbc.Driver] at URL [jdbc:mysql://localhost:3306/student]
Sep 04, 2024 9:08:26 PM org.hibernate.service.jdbc.connections.internal.DriverManagerConnectionProviderImpl configure
INFO: HHH000046: Connection properties: {user=root, password=****}
Sep 04, 2024 9:08:27 PM org.hibernate.dialect.Dialect <init>
INFO: HHH000400: Using dialect: org.hibernate.dialect.MySQL5Dialect
Sep 04, 2024 9:08:27 PM org.hibernate.engine.transaction.internal.TransactionFactoryInitiator initiateService
INFO: HHH000399: Using default transaction strategy (direct JDBC transactions)
Sep 04, 2024 9:08:27 PM org.hibernate.hql.internal.ast.ASTQueryTranslatorFactory <init>
INFO: HHH000397: Using ASTQueryTranslatorFactory
]]></system-err>
  </testcase>
  <testcase name="testInsertStudent" classname="com.indus.training.persist.dao.TestStudentDaoImpl" time="0.027"/>
  <testcase name="testupdateStudentLastName" classname="com.indus.training.persist.dao.TestStudentDaoImpl" time="0.002"/>
  <testcase name="testDeletetStudent" classname="com.indus.training.persist.dao.TestStudentDaoImpl" time="0.01"/>
</testsuite>